<?xml version="1.0" encoding="utf-8" standalone="no"?>
<!--This file represents the results of running a test suite-->
<test-results name="D:\F#_projects\YC.PrettyPrinter - build2\YC.PrettyPrinter\tests\YC.PrettyPrinter.Tests\bin\Release\YC.PrettyPrinter.Tests.dll" total="66" errors="0" failures="10" not-run="0" inconclusive="0" ignored="0" skipped="0" invalid="0" date="2015-05-01" time="00:16:22">
  <environment nunit-version="2.6.4.14350" clr-version="2.0.50727.8009" os-version="Microsoft Windows NT 6.2.9200.0" platform="Win32NT" cwd="D:\F#_projects\YC.PrettyPrinter - build2\YC.PrettyPrinter" machine-name="ANDREYCOMP" user="Андрей" user-domain="ANDREYCOMP" />
  <culture-info current-culture="ru-RU" current-uiculture="ru-RU" />
  <test-suite type="Assembly" name="D:\F#_projects\YC.PrettyPrinter - build2\YC.PrettyPrinter\tests\YC.PrettyPrinter.Tests\bin\Release\YC.PrettyPrinter.Tests.dll" executed="True" result="Failure" success="False" time="18.039" asserts="0">
    <results>
      <test-suite type="Namespace" name="YC" executed="True" result="Failure" success="False" time="17.995" asserts="0">
        <results>
          <test-suite type="Namespace" name="PrettyPrinter" executed="True" result="Failure" success="False" time="17.995" asserts="0">
            <results>
              <test-suite type="TestFixture" name="Tests+CheckEquals+Equals Code" executed="True" result="Failure" success="False" time="0.506" asserts="0">
                <results>
                  <test-suite type="ParameterizedTest" name="Are Equals" executed="True" result="Failure" success="False" time="0.494" asserts="0">
                    <results>
                      <test-case name="YC.PrettyPrinter.Tests+CheckEquals+Equals Code.Are Equals((RunTest.ycp, RunTest.fxp))" executed="True" result="Success" success="True" time="0.100" asserts="1" />
                      <test-case name="YC.PrettyPrinter.Tests+CheckEquals+Equals Code.Are Equals((CombineAb.ycp, CombineAb.fxp))" executed="True" result="Success" success="True" time="0.001" asserts="1" />
                      <test-case name="YC.PrettyPrinter.Tests+CheckEquals+Equals Code.Are Equals((CombineBe.ycp, CombineBe.fxp))" executed="True" result="Success" success="True" time="0.000" asserts="1" />
                      <test-case name="YC.PrettyPrinter.Tests+CheckEquals+Equals Code.Are Equals((whileA.ycp, whileA.fxp))" executed="True" result="Success" success="True" time="0.001" asserts="1" />
                      <test-case name="YC.PrettyPrinter.Tests+CheckEquals+Equals Code.Are Equals((whileB.ycp, whileB.fxp))" executed="True" result="Success" success="True" time="0.001" asserts="1" />
                      <test-case name="YC.PrettyPrinter.Tests+CheckEquals+Equals Code.Are Equals((whileAB.ycp, whileAB.fxp))" executed="True" result="Failure" success="False" time="0.196" asserts="1">
                        <failure>
                          <message><![CDATA[  Expected: 52
  But was:  57
]]></message>
                          <stack-trace><![CDATA[]]></stack-trace>
                        </failure>
                      </test-case>
                      <test-case name="YC.PrettyPrinter.Tests+CheckEquals+Equals Code.Are Equals((whileW.ycp, whileW.fxp))" executed="True" result="Failure" success="False" time="0.002" asserts="1">
                        <failure>
                          <message><![CDATA[  Expected: 52
  But was:  57
]]></message>
                          <stack-trace><![CDATA[]]></stack-trace>
                        </failure>
                      </test-case>
                      <test-case name="YC.PrettyPrinter.Tests+CheckEquals+Equals Code.Are Equals((while+expr.ycp, while+expr.fxp))" executed="True" result="Success" success="True" time="0.001" asserts="1" />
                      <test-case name="YC.PrettyPrinter.Tests+CheckEquals+Equals Code.Are Equals((ifA.ycp, ifA.fxp))" executed="True" result="Success" success="True" time="0.001" asserts="1" />
                      <test-case name="YC.PrettyPrinter.Tests+CheckEquals+Equals Code.Are Equals((ifB.ycp, ifB.fxp))" executed="True" result="Failure" success="False" time="0.002" asserts="1">
                        <failure>
                          <message><![CDATA[  Expected: 49
  But was:  46
]]></message>
                          <stack-trace><![CDATA[]]></stack-trace>
                        </failure>
                      </test-case>
                      <test-case name="YC.PrettyPrinter.Tests+CheckEquals+Equals Code.Are Equals((ifAB.ycp, ifAB.fxp))" executed="True" result="Failure" success="False" time="0.002" asserts="1">
                        <failure>
                          <message><![CDATA[  Expected: 49
  But was:  46
]]></message>
                          <stack-trace><![CDATA[]]></stack-trace>
                        </failure>
                      </test-case>
                      <test-case name="YC.PrettyPrinter.Tests+CheckEquals+Equals Code.Are Equals((ifW.ycp, ifW.fxp))" executed="True" result="Failure" success="False" time="0.002" asserts="1">
                        <failure>
                          <message><![CDATA[  Expected: 49
  But was:  46
]]></message>
                          <stack-trace><![CDATA[]]></stack-trace>
                        </failure>
                      </test-case>
                      <test-case name="YC.PrettyPrinter.Tests+CheckEquals+Equals Code.Are Equals((LowTreeAA.ycp, LowTreeAA.fxp))" executed="True" result="Success" success="True" time="0.001" asserts="1" />
                      <test-case name="YC.PrettyPrinter.Tests+CheckEquals+Equals Code.Are Equals((LowTreeAB.ycp, LowTreeAB.fxp))" executed="True" result="Success" success="True" time="0.001" asserts="1" />
                      <test-case name="YC.PrettyPrinter.Tests+CheckEquals+Equals Code.Are Equals((LowTreeBB.ycp, LowTreeBB.fxp))" executed="True" result="Failure" success="False" time="0.001" asserts="1">
                        <failure>
                          <message><![CDATA[  Expected: 167
  But was:  155
]]></message>
                          <stack-trace><![CDATA[]]></stack-trace>
                        </failure>
                      </test-case>
                      <test-case name="YC.PrettyPrinter.Tests+CheckEquals+Equals Code.Are Equals((LowTreeBA.ycp, LowTreeBA.fxp))" executed="True" result="Success" success="True" time="0.001" asserts="1" />
                      <test-case name="YC.PrettyPrinter.Tests+CheckEquals+Equals Code.Are Equals((LowTreeAbAb.ycp, LowTreeAbAb.fxp))" executed="True" result="Failure" success="False" time="0.001" asserts="1">
                        <failure>
                          <message><![CDATA[  Expected: 142
  But was:  163
]]></message>
                          <stack-trace><![CDATA[]]></stack-trace>
                        </failure>
                      </test-case>
                      <test-case name="YC.PrettyPrinter.Tests+CheckEquals+Equals Code.Are Equals((LowTreeW.ycp, LowTreeW.fxp))" executed="True" result="Success" success="True" time="0.001" asserts="1" />
                      <test-case name="YC.PrettyPrinter.Tests+CheckEquals+Equals Code.Are Equals((HardTreeAA.ycp, HardTreeAA.fxp))" executed="True" result="Success" success="True" time="0.040" asserts="1" />
                      <test-case name="YC.PrettyPrinter.Tests+CheckEquals+Equals Code.Are Equals((HardTreeBB.ycp, HardTreeBB.fxp))" executed="True" result="Failure" success="False" time="0.028" asserts="1">
                        <failure>
                          <message><![CDATA[  Expected: 3269
  But was:  3136
]]></message>
                          <stack-trace><![CDATA[]]></stack-trace>
                        </failure>
                      </test-case>
                      <test-case name="YC.PrettyPrinter.Tests+CheckEquals+Equals Code.Are Equals((HardTreeAB.ycp, HardTreeAB.fxp))" executed="True" result="Failure" success="False" time="0.008" asserts="1">
                        <failure>
                          <message><![CDATA[  Expected: 2415
  But was:  3320
]]></message>
                          <stack-trace><![CDATA[]]></stack-trace>
                        </failure>
                      </test-case>
                    </results>
                  </test-suite>
                </results>
              </test-suite>
              <test-suite type="TestFixture" name="Tests+Perfomanse" executed="True" result="Failure" success="False" time="14.629" asserts="0">
                <results>
                  <test-case name="YC.PrettyPrinter.Tests+Perfomanse.Test" executed="True" result="Failure" success="False" time="14.628" asserts="1">
                    <failure>
                      <message><![CDATA[  Expected: 6519.0807000000004d
  But was:  8046.9960000000001d
]]></message>
                      <stack-trace><![CDATA[в YC.PrettyPrinter.Tests.Perfomanse.Test() в D:\F#_projects\YC.PrettyPrinter - build2\YC.PrettyPrinter\tests\YC.PrettyPrinter.Tests\CheckCode.fs:строка 205
]]></stack-trace>
                    </failure>
                  </test-case>
                </results>
              </test-suite>
              <test-suite type="TestFixture" name="Tests+SFormat Generator+SFormatPrinter" executed="True" result="Success" success="True" time="1.461" asserts="0">
                <results>
                  <test-case name="YC.PrettyPrinter.Tests+SFormat Generator+SFormatPrinter.Check Run" executed="True" result="Success" success="True" time="0.002" asserts="0" />
                  <test-suite type="ParameterizedTest" name="Generate Code" executed="True" result="Success" success="True" time="1.457" asserts="0">
                    <results>
                      <test-case name="YC.PrettyPrinter.Tests+SFormat Generator+SFormatPrinter.Generate Code((10, FsxLPrinter+combineOpt, FsxLPrinter+combineOpt, RunTest.in, RunTest.fxp))" executed="True" result="Success" success="True" time="0.002" asserts="0" />
                      <test-case name="YC.PrettyPrinter.Tests+SFormat Generator+SFormatPrinter.Generate Code((2, FsxLPrinter+combineOpt, FsxLPrinter+combineOpt, Combine.in, CombineAb.fxp))" executed="True" result="Success" success="True" time="0.001" asserts="0" />
                      <test-case name="YC.PrettyPrinter.Tests+SFormat Generator+SFormatPrinter.Generate Code((10, FsxLPrinter+combineOpt, FsxLPrinter+combineOpt, Combine.in, CombineBe.fxp))" executed="True" result="Success" success="True" time="0.002" asserts="0" />
                      <test-case name="YC.PrettyPrinter.Tests+SFormat Generator+SFormatPrinter.Generate Code((10, FsxLPrinter+combineOpt, FsxLPrinter+combineOpt, while.in, whileA.fxp))" executed="True" result="Success" success="True" time="0.005" asserts="0" />
                      <test-case name="YC.PrettyPrinter.Tests+SFormat Generator+SFormatPrinter.Generate Code((10, FsxLPrinter+combineOpt, FsxLPrinter+combineOpt, while.in, whileB.fxp))" executed="True" result="Success" success="True" time="0.005" asserts="0" />
                      <test-case name="YC.PrettyPrinter.Tests+SFormat Generator+SFormatPrinter.Generate Code((15, FsxLPrinter+combineOpt, FsxLPrinter+combineOpt, while.in, whileAB.fxp))" executed="True" result="Success" success="True" time="0.004" asserts="0" />
                      <test-case name="YC.PrettyPrinter.Tests+SFormat Generator+SFormatPrinter.Generate Code((5, FsxLPrinter+combineOpt, FsxLPrinter+combineOpt, while.in, whileW.fxp))" executed="True" result="Success" success="True" time="0.003" asserts="0" />
                      <test-case name="YC.PrettyPrinter.Tests+SFormat Generator+SFormatPrinter.Generate Code((10, FsxLPrinter+combineOpt, FsxLPrinter+combineOpt, while+expr.in, while+expr.fxp))" executed="True" result="Success" success="True" time="0.003" asserts="0" />
                      <test-case name="YC.PrettyPrinter.Tests+SFormat Generator+SFormatPrinter.Generate Code((10, FsxLPrinter+combineOpt, FsxLPrinter+combineOpt, if.in, ifA.fxp))" executed="True" result="Success" success="True" time="0.005" asserts="0" />
                      <test-case name="YC.PrettyPrinter.Tests+SFormat Generator+SFormatPrinter.Generate Code((10, FsxLPrinter+combineOpt, FsxLPrinter+combineOpt, if.in, ifB.fxp))" executed="True" result="Success" success="True" time="0.004" asserts="0" />
                      <test-case name="YC.PrettyPrinter.Tests+SFormat Generator+SFormatPrinter.Generate Code((10, FsxLPrinter+combineOpt, FsxLPrinter+combineOpt, if.in, ifAB.fxp))" executed="True" result="Success" success="True" time="0.005" asserts="0" />
                      <test-case name="YC.PrettyPrinter.Tests+SFormat Generator+SFormatPrinter.Generate Code((5, FsxLPrinter+combineOpt, FsxLPrinter+combineOpt, if.in, ifW.fxp))" executed="True" result="Success" success="True" time="0.005" asserts="0" />
                      <test-case name="YC.PrettyPrinter.Tests+SFormat Generator+SFormatPrinter.Generate Code((25, FsxLPrinter+combineOpt, FsxLPrinter+combineOpt, LowTree.in, LowTreeAA.fxp))" executed="True" result="Success" success="True" time="0.008" asserts="0" />
                      <test-case name="YC.PrettyPrinter.Tests+SFormat Generator+SFormatPrinter.Generate Code((25, FsxLPrinter+combineOpt, FsxLPrinter+combineOpt, LowTree.in, LowTreeAB.fxp))" executed="True" result="Success" success="True" time="0.012" asserts="0" />
                      <test-case name="YC.PrettyPrinter.Tests+SFormat Generator+SFormatPrinter.Generate Code((25, FsxLPrinter+combineOpt, FsxLPrinter+combineOpt, LowTree.in, LowTreeBB.fxp))" executed="True" result="Success" success="True" time="0.011" asserts="0" />
                      <test-case name="YC.PrettyPrinter.Tests+SFormat Generator+SFormatPrinter.Generate Code((25, FsxLPrinter+combineOpt, FsxLPrinter+combineOpt, LowTree.in, LowTreeBA.fxp))" executed="True" result="Success" success="True" time="0.009" asserts="0" />
                      <test-case name="YC.PrettyPrinter.Tests+SFormat Generator+SFormatPrinter.Generate Code((25, FsxLPrinter+combineOpt, FsxLPrinter+combineOpt, LowTree.in, LowTreeAbAb.fxp))" executed="True" result="Success" success="True" time="0.008" asserts="0" />
                      <test-case name="YC.PrettyPrinter.Tests+SFormat Generator+SFormatPrinter.Generate Code((20, FsxLPrinter+combineOpt, FsxLPrinter+combineOpt, LowTree.in, LowTreeW.fxp))" executed="True" result="Success" success="True" time="0.011" asserts="0" />
                      <test-case name="YC.PrettyPrinter.Tests+SFormat Generator+SFormatPrinter.Generate Code((50, FsxLPrinter+combineOpt, FsxLPrinter+combineOpt, HardTree.in, HardTreeAA.fxp))" executed="True" result="Success" success="True" time="0.533" asserts="0" />
                      <test-case name="YC.PrettyPrinter.Tests+SFormat Generator+SFormatPrinter.Generate Code((50, FsxLPrinter+combineOpt, FsxLPrinter+combineOpt, HardTree.in, HardTreeBB.fxp))" executed="True" result="Success" success="True" time="0.444" asserts="0" />
                      <test-case name="YC.PrettyPrinter.Tests+SFormat Generator+SFormatPrinter.Generate Code((50, FsxLPrinter+combineOpt, FsxLPrinter+combineOpt, HardTree.in, HardTreeAB.fxp))" executed="True" result="Success" success="True" time="0.354" asserts="0" />
                    </results>
                  </test-suite>
                </results>
              </test-suite>
              <test-suite type="TestFixture" name="Tests+YC Prnters+YCPrinter Generator" executed="True" result="Success" success="True" time="1.375" asserts="0">
                <results>
                  <test-case name="YC.PrettyPrinter.Tests+YC Prnters+YCPrinter Generator.Check Run" executed="True" result="Success" success="True" time="0.003" asserts="0" />
                  <test-suite type="ParameterizedTest" name="Generate Code" executed="True" result="Success" success="True" time="1.371" asserts="0">
                    <results>
                      <test-case name="YC.PrettyPrinter.Tests+YC Prnters+YCPrinter Generator.Generate Code((10, YCLPrinter+combineOpt, YCLPrinter+combineOpt, RunTest.in, RunTest.ycp))" executed="True" result="Success" success="True" time="0.002" asserts="0" />
                      <test-case name="YC.PrettyPrinter.Tests+YC Prnters+YCPrinter Generator.Generate Code((2, YCLPrinter+combineOpt, YCLPrinter+combineOpt, Combine.in, CombineAb.ycp))" executed="True" result="Success" success="True" time="0.002" asserts="0" />
                      <test-case name="YC.PrettyPrinter.Tests+YC Prnters+YCPrinter Generator.Generate Code((10, YCLPrinter+combineOpt, YCLPrinter+combineOpt, Combine.in, CombineBe.ycp))" executed="True" result="Success" success="True" time="0.001" asserts="0" />
                      <test-case name="YC.PrettyPrinter.Tests+YC Prnters+YCPrinter Generator.Generate Code((10, YCLPrinter+combineOpt, YCLPrinter+combineOpt, while.in, whileA.ycp))" executed="True" result="Success" success="True" time="0.003" asserts="0" />
                      <test-case name="YC.PrettyPrinter.Tests+YC Prnters+YCPrinter Generator.Generate Code((10, YCLPrinter+combineOpt, YCLPrinter+combineOpt, while.in, whileB.ycp))" executed="True" result="Success" success="True" time="0.003" asserts="0" />
                      <test-case name="YC.PrettyPrinter.Tests+YC Prnters+YCPrinter Generator.Generate Code((15, YCLPrinter+combineOpt, YCLPrinter+combineOpt, while.in, whileAB.ycp))" executed="True" result="Success" success="True" time="0.003" asserts="0" />
                      <test-case name="YC.PrettyPrinter.Tests+YC Prnters+YCPrinter Generator.Generate Code((5, YCLPrinter+combineOpt, YCLPrinter+combineOpt, while.in, whileW.ycp))" executed="True" result="Success" success="True" time="0.003" asserts="0" />
                      <test-case name="YC.PrettyPrinter.Tests+YC Prnters+YCPrinter Generator.Generate Code((10, YCLPrinter+combineOpt, YCLPrinter+combineOpt, while+expr.in, while+expr.ycp))" executed="True" result="Success" success="True" time="0.003" asserts="0" />
                      <test-case name="YC.PrettyPrinter.Tests+YC Prnters+YCPrinter Generator.Generate Code((10, YCLPrinter+combineOpt, YCLPrinter+combineOpt, if.in, ifA.ycp))" executed="True" result="Success" success="True" time="0.003" asserts="0" />
                      <test-case name="YC.PrettyPrinter.Tests+YC Prnters+YCPrinter Generator.Generate Code((10, YCLPrinter+combineOpt, YCLPrinter+combineOpt, if.in, ifB.ycp))" executed="True" result="Success" success="True" time="0.003" asserts="0" />
                      <test-case name="YC.PrettyPrinter.Tests+YC Prnters+YCPrinter Generator.Generate Code((10, YCLPrinter+combineOpt, YCLPrinter+combineOpt, if.in, ifAB.ycp))" executed="True" result="Success" success="True" time="0.003" asserts="0" />
                      <test-case name="YC.PrettyPrinter.Tests+YC Prnters+YCPrinter Generator.Generate Code((5, YCLPrinter+combineOpt, YCLPrinter+combineOpt, if.in, ifW.ycp))" executed="True" result="Success" success="True" time="0.002" asserts="0" />
                      <test-case name="YC.PrettyPrinter.Tests+YC Prnters+YCPrinter Generator.Generate Code((25, YCLPrinter+combineOpt, YCLPrinter+combineOpt, LowTree.in, LowTreeAA.ycp))" executed="True" result="Success" success="True" time="0.008" asserts="0" />
                      <test-case name="YC.PrettyPrinter.Tests+YC Prnters+YCPrinter Generator.Generate Code((25, YCLPrinter+combineOpt, YCLPrinter+combineOpt, LowTree.in, LowTreeAB.ycp))" executed="True" result="Success" success="True" time="0.010" asserts="0" />
                      <test-case name="YC.PrettyPrinter.Tests+YC Prnters+YCPrinter Generator.Generate Code((25, YCLPrinter+combineOpt, YCLPrinter+combineOpt, LowTree.in, LowTreeBB.ycp))" executed="True" result="Success" success="True" time="0.008" asserts="0" />
                      <test-case name="YC.PrettyPrinter.Tests+YC Prnters+YCPrinter Generator.Generate Code((25, YCLPrinter+combineOpt, YCLPrinter+combineOpt, LowTree.in, LowTreeBA.ycp))" executed="True" result="Success" success="True" time="0.008" asserts="0" />
                      <test-case name="YC.PrettyPrinter.Tests+YC Prnters+YCPrinter Generator.Generate Code((25, YCLPrinter+combineOpt, YCLPrinter+combineOpt, LowTree.in, LowTreeAbAb.ycp))" executed="True" result="Success" success="True" time="0.008" asserts="0" />
                      <test-case name="YC.PrettyPrinter.Tests+YC Prnters+YCPrinter Generator.Generate Code((20, YCLPrinter+combineOpt, YCLPrinter+combineOpt, LowTree.in, LowTreeW.ycp))" executed="True" result="Success" success="True" time="0.008" asserts="0" />
                      <test-case name="YC.PrettyPrinter.Tests+YC Prnters+YCPrinter Generator.Generate Code((50, YCLPrinter+combineOpt, YCLPrinter+combineOpt, HardTree.in, HardTreeAA.ycp))" executed="True" result="Success" success="True" time="0.359" asserts="0" />
                      <test-case name="YC.PrettyPrinter.Tests+YC Prnters+YCPrinter Generator.Generate Code((50, YCLPrinter+combineOpt, YCLPrinter+combineOpt, HardTree.in, HardTreeBB.ycp))" executed="True" result="Success" success="True" time="0.447" asserts="0" />
                      <test-case name="YC.PrettyPrinter.Tests+YC Prnters+YCPrinter Generator.Generate Code((50, YCLPrinter+combineOpt, YCLPrinter+combineOpt, HardTree.in, HardTreeAB.ycp))" executed="True" result="Success" success="True" time="0.460" asserts="0" />
                    </results>
                  </test-suite>
                </results>
              </test-suite>
            </results>
          </test-suite>
        </results>
      </test-suite>
    </results>
  </test-suite>
</test-results>