<?xml version="1.0" encoding="utf-8" standalone="no"?>
<!--This file represents the results of running a test suite-->
<test-results name="C:\gsv\projects\YC\YC.PrettyPrinter\tests\YC.PrettyPrinter.Tests\bin\Release\YC.PrettyPrinter.Tests.dll" total="74" errors="0" failures="0" not-run="0" inconclusive="0" ignored="0" skipped="0" invalid="0" date="2016-07-11" time="17:40:27">
  <environment nunit-version="2.6.4.14350" clr-version="2.0.50727.8689" os-version="Microsoft Windows NT 6.2.9200.0" platform="Win32NT" cwd="C:\gsv\projects\YC\YC.PrettyPrinter" machine-name="UNIT-641" user="User" user-domain="UNIT-641" />
  <culture-info current-culture="en-US" current-uiculture="en-GB" />
  <test-suite type="Assembly" name="C:\gsv\projects\YC\YC.PrettyPrinter\tests\YC.PrettyPrinter.Tests\bin\Release\YC.PrettyPrinter.Tests.dll" executed="True" result="Success" success="True" time="24.677" asserts="0">
    <results>
      <test-suite type="Namespace" name="YC" executed="True" result="Success" success="True" time="24.670" asserts="0">
        <results>
          <test-suite type="Namespace" name="PrinterCombinators" executed="True" result="Success" success="True" time="24.670" asserts="0">
            <results>
              <test-suite type="TestFixture" name="Tests+1YC Prnters+YCPrinter Generator" executed="True" result="Success" success="True" time="1.108" asserts="0">
                <results>
                  <test-case name="YC.PrinterCombinators.Tests+1YC Prnters+YCPrinter Generator.Check Run" executed="True" result="Success" success="True" time="0.159" asserts="0" />
                  <test-suite type="ParameterizedTest" name="Generate Code" executed="True" result="Success" success="True" time="0.938" asserts="0">
                    <results>
                      <test-case name="YC.PrinterCombinators.Tests+1YC Prnters+YCPrinter Generator.Generate Code((10, YC.PrettyPrinter.Tests.YCLPrinter+combineOpt, YC.PrettyPrinter.Tests.YCLPrinter+combineOpt, RunTest.in, RunTest.ycp))" executed="True" result="Success" success="True" time="0.001" asserts="0" />
                      <test-case name="YC.PrinterCombinators.Tests+1YC Prnters+YCPrinter Generator.Generate Code((2, YC.PrettyPrinter.Tests.YCLPrinter+combineOpt, YC.PrettyPrinter.Tests.YCLPrinter+combineOpt, Combine.in, CombineAb.ycp))" executed="True" result="Success" success="True" time="0.015" asserts="0" />
                      <test-case name="YC.PrinterCombinators.Tests+1YC Prnters+YCPrinter Generator.Generate Code((10, YC.PrettyPrinter.Tests.YCLPrinter+combineOpt, YC.PrettyPrinter.Tests.YCLPrinter+combineOpt, Combine.in, CombineBe.ycp))" executed="True" result="Success" success="True" time="0.001" asserts="0" />
                      <test-case name="YC.PrinterCombinators.Tests+1YC Prnters+YCPrinter Generator.Generate Code((10, YC.PrettyPrinter.Tests.YCLPrinter+combineOpt, YC.PrettyPrinter.Tests.YCLPrinter+combineOpt, while.in, whileA.ycp))" executed="True" result="Success" success="True" time="0.014" asserts="0" />
                      <test-case name="YC.PrinterCombinators.Tests+1YC Prnters+YCPrinter Generator.Generate Code((10, YC.PrettyPrinter.Tests.YCLPrinter+combineOpt, YC.PrettyPrinter.Tests.YCLPrinter+combineOpt, while.in, whileB.ycp))" executed="True" result="Success" success="True" time="0.004" asserts="0" />
                      <test-case name="YC.PrinterCombinators.Tests+1YC Prnters+YCPrinter Generator.Generate Code((10, YC.PrettyPrinter.Tests.YCLPrinter+combineOpt, YC.PrettyPrinter.Tests.YCLPrinter+combineOpt, while.in, whileAB.ycp))" executed="True" result="Success" success="True" time="0.005" asserts="0" />
                      <test-case name="YC.PrinterCombinators.Tests+1YC Prnters+YCPrinter Generator.Generate Code((5, YC.PrettyPrinter.Tests.YCLPrinter+combineOpt, YC.PrettyPrinter.Tests.YCLPrinter+combineOpt, while.in, whileW.ycp))" executed="True" result="Success" success="True" time="0.009" asserts="0" />
                      <test-case name="YC.PrinterCombinators.Tests+1YC Prnters+YCPrinter Generator.Generate Code((10, YC.PrettyPrinter.Tests.YCLPrinter+combineOpt, YC.PrettyPrinter.Tests.YCLPrinter+combineOpt, while+expr.in, while+expr.ycp))" executed="True" result="Success" success="True" time="0.004" asserts="0" />
                      <test-case name="YC.PrinterCombinators.Tests+1YC Prnters+YCPrinter Generator.Generate Code((10, YC.PrettyPrinter.Tests.YCLPrinter+combineOpt, YC.PrettyPrinter.Tests.YCLPrinter+combineOpt, If.in, ifA.ycp))" executed="True" result="Success" success="True" time="0.008" asserts="0" />
                      <test-case name="YC.PrinterCombinators.Tests+1YC Prnters+YCPrinter Generator.Generate Code((10, YC.PrettyPrinter.Tests.YCLPrinter+combineOpt, YC.PrettyPrinter.Tests.YCLPrinter+combineOpt, If.in, ifB.ycp))" executed="True" result="Success" success="True" time="0.005" asserts="0" />
                      <test-case name="YC.PrinterCombinators.Tests+1YC Prnters+YCPrinter Generator.Generate Code((10, YC.PrettyPrinter.Tests.YCLPrinter+combineOpt, YC.PrettyPrinter.Tests.YCLPrinter+combineOpt, If.in, ifAB.ycp))" executed="True" result="Success" success="True" time="0.002" asserts="0" />
                      <test-case name="YC.PrinterCombinators.Tests+1YC Prnters+YCPrinter Generator.Generate Code((5, YC.PrettyPrinter.Tests.YCLPrinter+combineOpt, YC.PrettyPrinter.Tests.YCLPrinter+combineOpt, If.in, ifW.ycp))" executed="True" result="Success" success="True" time="0.002" asserts="0" />
                      <test-case name="YC.PrinterCombinators.Tests+1YC Prnters+YCPrinter Generator.Generate Code((25, YC.PrettyPrinter.Tests.YCLPrinter+combineOpt, YC.PrettyPrinter.Tests.YCLPrinter+combineOpt, LowTree.in, LowTreeAA.ycp))" executed="True" result="Success" success="True" time="0.009" asserts="0" />
                      <test-case name="YC.PrinterCombinators.Tests+1YC Prnters+YCPrinter Generator.Generate Code((25, YC.PrettyPrinter.Tests.YCLPrinter+combineOpt, YC.PrettyPrinter.Tests.YCLPrinter+combineOpt, LowTree.in, LowTreeAB.ycp))" executed="True" result="Success" success="True" time="0.007" asserts="0" />
                      <test-case name="YC.PrinterCombinators.Tests+1YC Prnters+YCPrinter Generator.Generate Code((25, YC.PrettyPrinter.Tests.YCLPrinter+combineOpt, YC.PrettyPrinter.Tests.YCLPrinter+combineOpt, LowTree.in, LowTreeBB.ycp))" executed="True" result="Success" success="True" time="0.007" asserts="0" />
                      <test-case name="YC.PrinterCombinators.Tests+1YC Prnters+YCPrinter Generator.Generate Code((25, YC.PrettyPrinter.Tests.YCLPrinter+combineOpt, YC.PrettyPrinter.Tests.YCLPrinter+combineOpt, LowTree.in, LowTreeBA.ycp))" executed="True" result="Success" success="True" time="0.007" asserts="0" />
                      <test-case name="YC.PrinterCombinators.Tests+1YC Prnters+YCPrinter Generator.Generate Code((25, YC.PrettyPrinter.Tests.YCLPrinter+combineOpt, YC.PrettyPrinter.Tests.YCLPrinter+combineOpt, LowTree.in, LowTreeAbAb.ycp))" executed="True" result="Success" success="True" time="0.005" asserts="0" />
                      <test-case name="YC.PrinterCombinators.Tests+1YC Prnters+YCPrinter Generator.Generate Code((20, YC.PrettyPrinter.Tests.YCLPrinter+combineOpt, YC.PrettyPrinter.Tests.YCLPrinter+combineOpt, LowTree.in, LowTreeW.ycp))" executed="True" result="Success" success="True" time="0.006" asserts="0" />
                      <test-case name="YC.PrinterCombinators.Tests+1YC Prnters+YCPrinter Generator.Generate Code((50, YC.PrettyPrinter.Tests.YCLPrinter+combineOpt, YC.PrettyPrinter.Tests.YCLPrinter+combineOpt, HardTree.in, HardTreeAA.ycp))" executed="True" result="Success" success="True" time="0.227" asserts="0" />
                      <test-case name="YC.PrinterCombinators.Tests+1YC Prnters+YCPrinter Generator.Generate Code((50, YC.PrettyPrinter.Tests.YCLPrinter+combineOpt, YC.PrettyPrinter.Tests.YCLPrinter+combineOpt, HardTree.in, HardTreeBB.ycp))" executed="True" result="Success" success="True" time="0.223" asserts="0" />
                      <test-case name="YC.PrinterCombinators.Tests+1YC Prnters+YCPrinter Generator.Generate Code((50, YC.PrettyPrinter.Tests.YCLPrinter+combineOpt, YC.PrettyPrinter.Tests.YCLPrinter+combineOpt, HardTree.in, HardTreeAB.ycp))" executed="True" result="Success" success="True" time="0.257" asserts="0" />
                    </results>
                  </test-suite>
                </results>
              </test-suite>
              <test-suite type="TestFixture" name="Tests+2SFormat Generator+SFormatPrinter" executed="True" result="Success" success="True" time="0.910" asserts="0">
                <results>
                  <test-case name="YC.PrinterCombinators.Tests+2SFormat Generator+SFormatPrinter.Check Run" executed="True" result="Success" success="True" time="0.039" asserts="0" />
                  <test-suite type="ParameterizedTest" name="Generate Code" executed="True" result="Success" success="True" time="0.869" asserts="0">
                    <results>
                      <test-case name="YC.PrinterCombinators.Tests+2SFormat Generator+SFormatPrinter.Generate Code((10, YC.PrettyPrinter.Tests.FsxLPrinter+combineOpt, YC.PrettyPrinter.Tests.FsxLPrinter+combineOpt, RunTest.in, RunTest.fxp))" executed="True" result="Success" success="True" time="0.001" asserts="0" />
                      <test-case name="YC.PrinterCombinators.Tests+2SFormat Generator+SFormatPrinter.Generate Code((2, YC.PrettyPrinter.Tests.FsxLPrinter+combineOpt, YC.PrettyPrinter.Tests.FsxLPrinter+combineOpt, Combine.in, CombineAb.fxp))" executed="True" result="Success" success="True" time="0.004" asserts="0" />
                      <test-case name="YC.PrinterCombinators.Tests+2SFormat Generator+SFormatPrinter.Generate Code((10, YC.PrettyPrinter.Tests.FsxLPrinter+combineOpt, YC.PrettyPrinter.Tests.FsxLPrinter+combineOpt, Combine.in, CombineBe.fxp))" executed="True" result="Success" success="True" time="0.001" asserts="0" />
                      <test-case name="YC.PrinterCombinators.Tests+2SFormat Generator+SFormatPrinter.Generate Code((10, YC.PrettyPrinter.Tests.FsxLPrinter+combineOpt, YC.PrettyPrinter.Tests.FsxLPrinter+combineOpt, while.in, whileA.fxp))" executed="True" result="Success" success="True" time="0.004" asserts="0" />
                      <test-case name="YC.PrinterCombinators.Tests+2SFormat Generator+SFormatPrinter.Generate Code((10, YC.PrettyPrinter.Tests.FsxLPrinter+combineOpt, YC.PrettyPrinter.Tests.FsxLPrinter+combineOpt, while.in, whileB.fxp))" executed="True" result="Success" success="True" time="0.002" asserts="0" />
                      <test-case name="YC.PrinterCombinators.Tests+2SFormat Generator+SFormatPrinter.Generate Code((10, YC.PrettyPrinter.Tests.FsxLPrinter+combineOpt, YC.PrettyPrinter.Tests.FsxLPrinter+combineOpt, while.in, whileAB.fxp))" executed="True" result="Success" success="True" time="0.003" asserts="0" />
                      <test-case name="YC.PrinterCombinators.Tests+2SFormat Generator+SFormatPrinter.Generate Code((5, YC.PrettyPrinter.Tests.FsxLPrinter+combineOpt, YC.PrettyPrinter.Tests.FsxLPrinter+combineOpt, while.in, whileW.fxp))" executed="True" result="Success" success="True" time="0.002" asserts="0" />
                      <test-case name="YC.PrinterCombinators.Tests+2SFormat Generator+SFormatPrinter.Generate Code((10, YC.PrettyPrinter.Tests.FsxLPrinter+combineOpt, YC.PrettyPrinter.Tests.FsxLPrinter+combineOpt, while+expr.in, while+expr.fxp))" executed="True" result="Success" success="True" time="0.003" asserts="0" />
                      <test-case name="YC.PrinterCombinators.Tests+2SFormat Generator+SFormatPrinter.Generate Code((10, YC.PrettyPrinter.Tests.FsxLPrinter+combineOpt, YC.PrettyPrinter.Tests.FsxLPrinter+combineOpt, If.in, ifA.fxp))" executed="True" result="Success" success="True" time="0.003" asserts="0" />
                      <test-case name="YC.PrinterCombinators.Tests+2SFormat Generator+SFormatPrinter.Generate Code((10, YC.PrettyPrinter.Tests.FsxLPrinter+combineOpt, YC.PrettyPrinter.Tests.FsxLPrinter+combineOpt, If.in, ifB.fxp))" executed="True" result="Success" success="True" time="0.002" asserts="0" />
                      <test-case name="YC.PrinterCombinators.Tests+2SFormat Generator+SFormatPrinter.Generate Code((10, YC.PrettyPrinter.Tests.FsxLPrinter+combineOpt, YC.PrettyPrinter.Tests.FsxLPrinter+combineOpt, If.in, ifAB.fxp))" executed="True" result="Success" success="True" time="0.002" asserts="0" />
                      <test-case name="YC.PrinterCombinators.Tests+2SFormat Generator+SFormatPrinter.Generate Code((5, YC.PrettyPrinter.Tests.FsxLPrinter+combineOpt, YC.PrettyPrinter.Tests.FsxLPrinter+combineOpt, If.in, ifW.fxp))" executed="True" result="Success" success="True" time="0.003" asserts="0" />
                      <test-case name="YC.PrinterCombinators.Tests+2SFormat Generator+SFormatPrinter.Generate Code((25, YC.PrettyPrinter.Tests.FsxLPrinter+combineOpt, YC.PrettyPrinter.Tests.FsxLPrinter+combineOpt, LowTree.in, LowTreeAA.fxp))" executed="True" result="Success" success="True" time="0.005" asserts="0" />
                      <test-case name="YC.PrinterCombinators.Tests+2SFormat Generator+SFormatPrinter.Generate Code((25, YC.PrettyPrinter.Tests.FsxLPrinter+combineOpt, YC.PrettyPrinter.Tests.FsxLPrinter+combineOpt, LowTree.in, LowTreeAB.fxp))" executed="True" result="Success" success="True" time="0.005" asserts="0" />
                      <test-case name="YC.PrinterCombinators.Tests+2SFormat Generator+SFormatPrinter.Generate Code((25, YC.PrettyPrinter.Tests.FsxLPrinter+combineOpt, YC.PrettyPrinter.Tests.FsxLPrinter+combineOpt, LowTree.in, LowTreeBB.fxp))" executed="True" result="Success" success="True" time="0.007" asserts="0" />
                      <test-case name="YC.PrinterCombinators.Tests+2SFormat Generator+SFormatPrinter.Generate Code((25, YC.PrettyPrinter.Tests.FsxLPrinter+combineOpt, YC.PrettyPrinter.Tests.FsxLPrinter+combineOpt, LowTree.in, LowTreeBA.fxp))" executed="True" result="Success" success="True" time="0.005" asserts="0" />
                      <test-case name="YC.PrinterCombinators.Tests+2SFormat Generator+SFormatPrinter.Generate Code((25, YC.PrettyPrinter.Tests.FsxLPrinter+combineOpt, YC.PrettyPrinter.Tests.FsxLPrinter+combineOpt, LowTree.in, LowTreeAbAb.fxp))" executed="True" result="Success" success="True" time="0.006" asserts="0" />
                      <test-case name="YC.PrinterCombinators.Tests+2SFormat Generator+SFormatPrinter.Generate Code((20, YC.PrettyPrinter.Tests.FsxLPrinter+combineOpt, YC.PrettyPrinter.Tests.FsxLPrinter+combineOpt, LowTree.in, LowTreeW.fxp))" executed="True" result="Success" success="True" time="0.005" asserts="0" />
                      <test-case name="YC.PrinterCombinators.Tests+2SFormat Generator+SFormatPrinter.Generate Code((50, YC.PrettyPrinter.Tests.FsxLPrinter+combineOpt, YC.PrettyPrinter.Tests.FsxLPrinter+combineOpt, HardTree.in, HardTreeAA.fxp))" executed="True" result="Success" success="True" time="0.230" asserts="0" />
                      <test-case name="YC.PrinterCombinators.Tests+2SFormat Generator+SFormatPrinter.Generate Code((50, YC.PrettyPrinter.Tests.FsxLPrinter+combineOpt, YC.PrettyPrinter.Tests.FsxLPrinter+combineOpt, HardTree.in, HardTreeBB.fxp))" executed="True" result="Success" success="True" time="0.220" asserts="0" />
                      <test-case name="YC.PrinterCombinators.Tests+2SFormat Generator+SFormatPrinter.Generate Code((50, YC.PrettyPrinter.Tests.FsxLPrinter+combineOpt, YC.PrettyPrinter.Tests.FsxLPrinter+combineOpt, HardTree.in, HardTreeAB.fxp))" executed="True" result="Success" success="True" time="0.232" asserts="0" />
                    </results>
                  </test-suite>
                </results>
              </test-suite>
              <test-suite type="TestFixture" name="Tests+3CheckEquals+Equals Code" executed="True" result="Success" success="True" time="0.115" asserts="0">
                <results>
                  <test-suite type="ParameterizedTest" name="Are Equals" executed="True" result="Success" success="True" time="0.115" asserts="0">
                    <results>
                      <test-case name="YC.PrinterCombinators.Tests+3CheckEquals+Equals Code.Are Equals((RunTest.ycp, RunTest.fxp))" executed="True" result="Success" success="True" time="0.002" asserts="0" />
                      <test-case name="YC.PrinterCombinators.Tests+3CheckEquals+Equals Code.Are Equals((CombineAb.ycp, CombineAb.fxp))" executed="True" result="Success" success="True" time="0.000" asserts="0" />
                      <test-case name="YC.PrinterCombinators.Tests+3CheckEquals+Equals Code.Are Equals((CombineBe.ycp, CombineBe.fxp))" executed="True" result="Success" success="True" time="0.000" asserts="0" />
                      <test-case name="YC.PrinterCombinators.Tests+3CheckEquals+Equals Code.Are Equals((whileA.ycp, whileA.fxp))" executed="True" result="Success" success="True" time="0.000" asserts="0" />
                      <test-case name="YC.PrinterCombinators.Tests+3CheckEquals+Equals Code.Are Equals((whileB.ycp, whileB.fxp))" executed="True" result="Success" success="True" time="0.000" asserts="0" />
                      <test-case name="YC.PrinterCombinators.Tests+3CheckEquals+Equals Code.Are Equals((whileAB.ycp, whileAB.fxp))" executed="True" result="Success" success="True" time="0.000" asserts="0" />
                      <test-case name="YC.PrinterCombinators.Tests+3CheckEquals+Equals Code.Are Equals((whileW.ycp, whileW.fxp))" executed="True" result="Success" success="True" time="0.000" asserts="0" />
                      <test-case name="YC.PrinterCombinators.Tests+3CheckEquals+Equals Code.Are Equals((while+expr.ycp, while+expr.fxp))" executed="True" result="Success" success="True" time="0.000" asserts="0" />
                      <test-case name="YC.PrinterCombinators.Tests+3CheckEquals+Equals Code.Are Equals((ifA.ycp, ifA.fxp))" executed="True" result="Success" success="True" time="0.000" asserts="0" />
                      <test-case name="YC.PrinterCombinators.Tests+3CheckEquals+Equals Code.Are Equals((ifB.ycp, ifB.fxp))" executed="True" result="Success" success="True" time="0.000" asserts="0" />
                      <test-case name="YC.PrinterCombinators.Tests+3CheckEquals+Equals Code.Are Equals((ifAB.ycp, ifAB.fxp))" executed="True" result="Success" success="True" time="0.000" asserts="0" />
                      <test-case name="YC.PrinterCombinators.Tests+3CheckEquals+Equals Code.Are Equals((ifW.ycp, ifW.fxp))" executed="True" result="Success" success="True" time="0.000" asserts="0" />
                      <test-case name="YC.PrinterCombinators.Tests+3CheckEquals+Equals Code.Are Equals((LowTreeAA.ycp, LowTreeAA.fxp))" executed="True" result="Success" success="True" time="0.000" asserts="0" />
                      <test-case name="YC.PrinterCombinators.Tests+3CheckEquals+Equals Code.Are Equals((LowTreeAB.ycp, LowTreeAB.fxp))" executed="True" result="Success" success="True" time="0.000" asserts="0" />
                      <test-case name="YC.PrinterCombinators.Tests+3CheckEquals+Equals Code.Are Equals((LowTreeBB.ycp, LowTreeBB.fxp))" executed="True" result="Success" success="True" time="0.063" asserts="0" />
                      <test-case name="YC.PrinterCombinators.Tests+3CheckEquals+Equals Code.Are Equals((LowTreeBA.ycp, LowTreeBA.fxp))" executed="True" result="Success" success="True" time="0.000" asserts="0" />
                      <test-case name="YC.PrinterCombinators.Tests+3CheckEquals+Equals Code.Are Equals((LowTreeAbAb.ycp, LowTreeAbAb.fxp))" executed="True" result="Success" success="True" time="0.000" asserts="0" />
                      <test-case name="YC.PrinterCombinators.Tests+3CheckEquals+Equals Code.Are Equals((LowTreeW.ycp, LowTreeW.fxp))" executed="True" result="Success" success="True" time="0.000" asserts="0" />
                      <test-case name="YC.PrinterCombinators.Tests+3CheckEquals+Equals Code.Are Equals((HardTreeAA.ycp, HardTreeAA.fxp))" executed="True" result="Success" success="True" time="0.000" asserts="0" />
                      <test-case name="YC.PrinterCombinators.Tests+3CheckEquals+Equals Code.Are Equals((HardTreeBB.ycp, HardTreeBB.fxp))" executed="True" result="Success" success="True" time="0.000" asserts="0" />
                      <test-case name="YC.PrinterCombinators.Tests+3CheckEquals+Equals Code.Are Equals((HardTreeAB.ycp, HardTreeAB.fxp))" executed="True" result="Success" success="True" time="0.000" asserts="0" />
                    </results>
                  </test-suite>
                </results>
              </test-suite>
              <test-suite type="TestFixture" name="Tests+4xSpeed+xSpeedTest" executed="True" result="Success" success="True" time="14.130" asserts="0">
                <results>
                  <test-suite type="ParameterizedTest" name="Test" executed="True" result="Success" success="True" time="14.129" asserts="0">
                    <results>
                      <test-case name="YC.PrinterCombinators.Tests+4xSpeed+xSpeedTest.Test(&quot;xSpeed/x1.in&quot;)" executed="True" result="Success" success="True" time="0.038" asserts="0" />
                      <test-case name="YC.PrinterCombinators.Tests+4xSpeed+xSpeedTest.Test(&quot;xSpeed/x2.in&quot;)" executed="True" result="Success" success="True" time="0.080" asserts="0" />
                      <test-case name="YC.PrinterCombinators.Tests+4xSpeed+xSpeedTest.Test(&quot;xSpeed/x3.in&quot;)" executed="True" result="Success" success="True" time="0.187" asserts="0" />
                      <test-case name="YC.PrinterCombinators.Tests+4xSpeed+xSpeedTest.Test(&quot;xSpeed/x4.in&quot;)" executed="True" result="Success" success="True" time="0.396" asserts="0" />
                      <test-case name="YC.PrinterCombinators.Tests+4xSpeed+xSpeedTest.Test(&quot;xSpeed/x5.in&quot;)" executed="True" result="Success" success="True" time="0.834" asserts="0" />
                      <test-case name="YC.PrinterCombinators.Tests+4xSpeed+xSpeedTest.Test(&quot;xSpeed/x6.in&quot;)" executed="True" result="Success" success="True" time="1.732" asserts="0" />
                      <test-case name="YC.PrinterCombinators.Tests+4xSpeed+xSpeedTest.Test(&quot;xSpeed/x7.in&quot;)" executed="True" result="Success" success="True" time="3.559" asserts="0" />
                      <test-case name="YC.PrinterCombinators.Tests+4xSpeed+xSpeedTest.Test(&quot;xSpeed/x8.in&quot;)" executed="True" result="Success" success="True" time="7.274" asserts="0" />
                    </results>
                  </test-suite>
                </results>
              </test-suite>
              <test-suite type="TestFixture" name="Tests+5Perfomanse" executed="True" result="Success" success="True" time="8.388" asserts="0">
                <results>
                  <test-case name="YC.PrinterCombinators.Tests+5Perfomanse.5Test" executed="True" result="Success" success="True" time="8.387" asserts="0" />
                </results>
              </test-suite>
            </results>
          </test-suite>
        </results>
      </test-suite>
    </results>
  </test-suite>
</test-results>