<?xml version="1.0" encoding="utf-8" standalone="no"?>
<!--This file represents the results of running a test suite-->
<test-results name="D:\F#_projects\YC.PrettyPrinter - build\tests\YC.PrettyPrinter.Tests\bin\Release\YC.PrettyPrinter.Tests.dll" total="74" errors="0" failures="0" not-run="0" inconclusive="0" ignored="0" skipped="0" invalid="0" date="2015-05-29" time="03:46:54">
  <environment nunit-version="2.6.4.14350" clr-version="2.0.50727.8009" os-version="Microsoft Windows NT 6.2.9200.0" platform="Win32NT" cwd="D:\F#_projects\YC.PrettyPrinter - build" machine-name="ANDREYCOMP" user="Андрей" user-domain="ANDREYCOMP" />
  <culture-info current-culture="ru-RU" current-uiculture="ru-RU" />
  <test-suite type="Assembly" name="D:\F#_projects\YC.PrettyPrinter - build\tests\YC.PrettyPrinter.Tests\bin\Release\YC.PrettyPrinter.Tests.dll" executed="True" result="Success" success="True" time="40.636" asserts="0">
    <results>
      <test-suite type="Namespace" name="YC" executed="True" result="Success" success="True" time="40.618" asserts="0">
        <results>
          <test-suite type="Namespace" name="PrinterCombinators" executed="True" result="Success" success="True" time="40.618" asserts="0">
            <results>
              <test-suite type="TestFixture" name="Tests+1YC Prnters+YCPrinter Generator" executed="True" result="Success" success="True" time="1.749" asserts="0">
                <results>
                  <test-case name="YC.PrinterCombinators.Tests+1YC Prnters+YCPrinter Generator.Check Run" executed="True" result="Success" success="True" time="0.237" asserts="0" />
                  <test-suite type="ParameterizedTest" name="Generate Code" executed="True" result="Success" success="True" time="1.491" asserts="0">
                    <results>
                      <test-case name="YC.PrinterCombinators.Tests+1YC Prnters+YCPrinter Generator.Generate Code((10, YC.PrettyPrinter.Tests.YCLPrinter+combineOpt, YC.PrettyPrinter.Tests.YCLPrinter+combineOpt, RunTest.in, RunTest.ycp))" executed="True" result="Success" success="True" time="0.003" asserts="0" />
                      <test-case name="YC.PrinterCombinators.Tests+1YC Prnters+YCPrinter Generator.Generate Code((2, YC.PrettyPrinter.Tests.YCLPrinter+combineOpt, YC.PrettyPrinter.Tests.YCLPrinter+combineOpt, Combine.in, CombineAb.ycp))" executed="True" result="Success" success="True" time="0.025" asserts="0" />
                      <test-case name="YC.PrinterCombinators.Tests+1YC Prnters+YCPrinter Generator.Generate Code((10, YC.PrettyPrinter.Tests.YCLPrinter+combineOpt, YC.PrettyPrinter.Tests.YCLPrinter+combineOpt, Combine.in, CombineBe.ycp))" executed="True" result="Success" success="True" time="0.001" asserts="0" />
                      <test-case name="YC.PrinterCombinators.Tests+1YC Prnters+YCPrinter Generator.Generate Code((10, YC.PrettyPrinter.Tests.YCLPrinter+combineOpt, YC.PrettyPrinter.Tests.YCLPrinter+combineOpt, while.in, whileA.ycp))" executed="True" result="Success" success="True" time="0.027" asserts="0" />
                      <test-case name="YC.PrinterCombinators.Tests+1YC Prnters+YCPrinter Generator.Generate Code((10, YC.PrettyPrinter.Tests.YCLPrinter+combineOpt, YC.PrettyPrinter.Tests.YCLPrinter+combineOpt, while.in, whileB.ycp))" executed="True" result="Success" success="True" time="0.003" asserts="0" />
                      <test-case name="YC.PrinterCombinators.Tests+1YC Prnters+YCPrinter Generator.Generate Code((10, YC.PrettyPrinter.Tests.YCLPrinter+combineOpt, YC.PrettyPrinter.Tests.YCLPrinter+combineOpt, while.in, whileAB.ycp))" executed="True" result="Success" success="True" time="0.010" asserts="0" />
                      <test-case name="YC.PrinterCombinators.Tests+1YC Prnters+YCPrinter Generator.Generate Code((5, YC.PrettyPrinter.Tests.YCLPrinter+combineOpt, YC.PrettyPrinter.Tests.YCLPrinter+combineOpt, while.in, whileW.ycp))" executed="True" result="Success" success="True" time="0.020" asserts="0" />
                      <test-case name="YC.PrinterCombinators.Tests+1YC Prnters+YCPrinter Generator.Generate Code((10, YC.PrettyPrinter.Tests.YCLPrinter+combineOpt, YC.PrettyPrinter.Tests.YCLPrinter+combineOpt, while+expr.in, while+expr.ycp))" executed="True" result="Success" success="True" time="0.004" asserts="0" />
                      <test-case name="YC.PrinterCombinators.Tests+1YC Prnters+YCPrinter Generator.Generate Code((10, YC.PrettyPrinter.Tests.YCLPrinter+combineOpt, YC.PrettyPrinter.Tests.YCLPrinter+combineOpt, if.in, ifA.ycp))" executed="True" result="Success" success="True" time="0.012" asserts="0" />
                      <test-case name="YC.PrinterCombinators.Tests+1YC Prnters+YCPrinter Generator.Generate Code((10, YC.PrettyPrinter.Tests.YCLPrinter+combineOpt, YC.PrettyPrinter.Tests.YCLPrinter+combineOpt, if.in, ifB.ycp))" executed="True" result="Success" success="True" time="0.005" asserts="0" />
                      <test-case name="YC.PrinterCombinators.Tests+1YC Prnters+YCPrinter Generator.Generate Code((10, YC.PrettyPrinter.Tests.YCLPrinter+combineOpt, YC.PrettyPrinter.Tests.YCLPrinter+combineOpt, if.in, ifAB.ycp))" executed="True" result="Success" success="True" time="0.007" asserts="0" />
                      <test-case name="YC.PrinterCombinators.Tests+1YC Prnters+YCPrinter Generator.Generate Code((5, YC.PrettyPrinter.Tests.YCLPrinter+combineOpt, YC.PrettyPrinter.Tests.YCLPrinter+combineOpt, if.in, ifW.ycp))" executed="True" result="Success" success="True" time="0.002" asserts="0" />
                      <test-case name="YC.PrinterCombinators.Tests+1YC Prnters+YCPrinter Generator.Generate Code((25, YC.PrettyPrinter.Tests.YCLPrinter+combineOpt, YC.PrettyPrinter.Tests.YCLPrinter+combineOpt, LowTree.in, LowTreeAA.ycp))" executed="True" result="Success" success="True" time="0.009" asserts="0" />
                      <test-case name="YC.PrinterCombinators.Tests+1YC Prnters+YCPrinter Generator.Generate Code((25, YC.PrettyPrinter.Tests.YCLPrinter+combineOpt, YC.PrettyPrinter.Tests.YCLPrinter+combineOpt, LowTree.in, LowTreeAB.ycp))" executed="True" result="Success" success="True" time="0.008" asserts="0" />
                      <test-case name="YC.PrinterCombinators.Tests+1YC Prnters+YCPrinter Generator.Generate Code((25, YC.PrettyPrinter.Tests.YCLPrinter+combineOpt, YC.PrettyPrinter.Tests.YCLPrinter+combineOpt, LowTree.in, LowTreeBB.ycp))" executed="True" result="Success" success="True" time="0.012" asserts="0" />
                      <test-case name="YC.PrinterCombinators.Tests+1YC Prnters+YCPrinter Generator.Generate Code((25, YC.PrettyPrinter.Tests.YCLPrinter+combineOpt, YC.PrettyPrinter.Tests.YCLPrinter+combineOpt, LowTree.in, LowTreeBA.ycp))" executed="True" result="Success" success="True" time="0.010" asserts="0" />
                      <test-case name="YC.PrinterCombinators.Tests+1YC Prnters+YCPrinter Generator.Generate Code((25, YC.PrettyPrinter.Tests.YCLPrinter+combineOpt, YC.PrettyPrinter.Tests.YCLPrinter+combineOpt, LowTree.in, LowTreeAbAb.ycp))" executed="True" result="Success" success="True" time="0.013" asserts="0" />
                      <test-case name="YC.PrinterCombinators.Tests+1YC Prnters+YCPrinter Generator.Generate Code((20, YC.PrettyPrinter.Tests.YCLPrinter+combineOpt, YC.PrettyPrinter.Tests.YCLPrinter+combineOpt, LowTree.in, LowTreeW.ycp))" executed="True" result="Success" success="True" time="0.012" asserts="0" />
                      <test-case name="YC.PrinterCombinators.Tests+1YC Prnters+YCPrinter Generator.Generate Code((50, YC.PrettyPrinter.Tests.YCLPrinter+combineOpt, YC.PrettyPrinter.Tests.YCLPrinter+combineOpt, HardTree.in, HardTreeAA.ycp))" executed="True" result="Success" success="True" time="0.435" asserts="0" />
                      <test-case name="YC.PrinterCombinators.Tests+1YC Prnters+YCPrinter Generator.Generate Code((50, YC.PrettyPrinter.Tests.YCLPrinter+combineOpt, YC.PrettyPrinter.Tests.YCLPrinter+combineOpt, HardTree.in, HardTreeBB.ycp))" executed="True" result="Success" success="True" time="0.444" asserts="0" />
                      <test-case name="YC.PrinterCombinators.Tests+1YC Prnters+YCPrinter Generator.Generate Code((50, YC.PrettyPrinter.Tests.YCLPrinter+combineOpt, YC.PrettyPrinter.Tests.YCLPrinter+combineOpt, HardTree.in, HardTreeAB.ycp))" executed="True" result="Success" success="True" time="0.399" asserts="0" />
                    </results>
                  </test-suite>
                </results>
              </test-suite>
              <test-suite type="TestFixture" name="Tests+2SFormat Generator+SFormatPrinter" executed="True" result="Success" success="True" time="1.382" asserts="0">
                <results>
                  <test-case name="YC.PrinterCombinators.Tests+2SFormat Generator+SFormatPrinter.Check Run" executed="True" result="Success" success="True" time="0.040" asserts="0" />
                  <test-suite type="ParameterizedTest" name="Generate Code" executed="True" result="Success" success="True" time="1.341" asserts="0">
                    <results>
                      <test-case name="YC.PrinterCombinators.Tests+2SFormat Generator+SFormatPrinter.Generate Code((10, YC.PrettyPrinter.Tests.FsxLPrinter+combineOpt, YC.PrettyPrinter.Tests.FsxLPrinter+combineOpt, RunTest.in, RunTest.fxp))" executed="True" result="Success" success="True" time="0.001" asserts="0" />
                      <test-case name="YC.PrinterCombinators.Tests+2SFormat Generator+SFormatPrinter.Generate Code((2, YC.PrettyPrinter.Tests.FsxLPrinter+combineOpt, YC.PrettyPrinter.Tests.FsxLPrinter+combineOpt, Combine.in, CombineAb.fxp))" executed="True" result="Success" success="True" time="0.006" asserts="0" />
                      <test-case name="YC.PrinterCombinators.Tests+2SFormat Generator+SFormatPrinter.Generate Code((10, YC.PrettyPrinter.Tests.FsxLPrinter+combineOpt, YC.PrettyPrinter.Tests.FsxLPrinter+combineOpt, Combine.in, CombineBe.fxp))" executed="True" result="Success" success="True" time="0.001" asserts="0" />
                      <test-case name="YC.PrinterCombinators.Tests+2SFormat Generator+SFormatPrinter.Generate Code((10, YC.PrettyPrinter.Tests.FsxLPrinter+combineOpt, YC.PrettyPrinter.Tests.FsxLPrinter+combineOpt, while.in, whileA.fxp))" executed="True" result="Success" success="True" time="0.005" asserts="0" />
                      <test-case name="YC.PrinterCombinators.Tests+2SFormat Generator+SFormatPrinter.Generate Code((10, YC.PrettyPrinter.Tests.FsxLPrinter+combineOpt, YC.PrettyPrinter.Tests.FsxLPrinter+combineOpt, while.in, whileB.fxp))" executed="True" result="Success" success="True" time="0.003" asserts="0" />
                      <test-case name="YC.PrinterCombinators.Tests+2SFormat Generator+SFormatPrinter.Generate Code((10, YC.PrettyPrinter.Tests.FsxLPrinter+combineOpt, YC.PrettyPrinter.Tests.FsxLPrinter+combineOpt, while.in, whileAB.fxp))" executed="True" result="Success" success="True" time="0.005" asserts="0" />
                      <test-case name="YC.PrinterCombinators.Tests+2SFormat Generator+SFormatPrinter.Generate Code((5, YC.PrettyPrinter.Tests.FsxLPrinter+combineOpt, YC.PrettyPrinter.Tests.FsxLPrinter+combineOpt, while.in, whileW.fxp))" executed="True" result="Success" success="True" time="0.004" asserts="0" />
                      <test-case name="YC.PrinterCombinators.Tests+2SFormat Generator+SFormatPrinter.Generate Code((10, YC.PrettyPrinter.Tests.FsxLPrinter+combineOpt, YC.PrettyPrinter.Tests.FsxLPrinter+combineOpt, while+expr.in, while+expr.fxp))" executed="True" result="Success" success="True" time="0.003" asserts="0" />
                      <test-case name="YC.PrinterCombinators.Tests+2SFormat Generator+SFormatPrinter.Generate Code((10, YC.PrettyPrinter.Tests.FsxLPrinter+combineOpt, YC.PrettyPrinter.Tests.FsxLPrinter+combineOpt, if.in, ifA.fxp))" executed="True" result="Success" success="True" time="0.004" asserts="0" />
                      <test-case name="YC.PrinterCombinators.Tests+2SFormat Generator+SFormatPrinter.Generate Code((10, YC.PrettyPrinter.Tests.FsxLPrinter+combineOpt, YC.PrettyPrinter.Tests.FsxLPrinter+combineOpt, if.in, ifB.fxp))" executed="True" result="Success" success="True" time="0.003" asserts="0" />
                      <test-case name="YC.PrinterCombinators.Tests+2SFormat Generator+SFormatPrinter.Generate Code((10, YC.PrettyPrinter.Tests.FsxLPrinter+combineOpt, YC.PrettyPrinter.Tests.FsxLPrinter+combineOpt, if.in, ifAB.fxp))" executed="True" result="Success" success="True" time="0.003" asserts="0" />
                      <test-case name="YC.PrinterCombinators.Tests+2SFormat Generator+SFormatPrinter.Generate Code((5, YC.PrettyPrinter.Tests.FsxLPrinter+combineOpt, YC.PrettyPrinter.Tests.FsxLPrinter+combineOpt, if.in, ifW.fxp))" executed="True" result="Success" success="True" time="0.003" asserts="0" />
                      <test-case name="YC.PrinterCombinators.Tests+2SFormat Generator+SFormatPrinter.Generate Code((25, YC.PrettyPrinter.Tests.FsxLPrinter+combineOpt, YC.PrettyPrinter.Tests.FsxLPrinter+combineOpt, LowTree.in, LowTreeAA.fxp))" executed="True" result="Success" success="True" time="0.007" asserts="0" />
                      <test-case name="YC.PrinterCombinators.Tests+2SFormat Generator+SFormatPrinter.Generate Code((25, YC.PrettyPrinter.Tests.FsxLPrinter+combineOpt, YC.PrettyPrinter.Tests.FsxLPrinter+combineOpt, LowTree.in, LowTreeAB.fxp))" executed="True" result="Success" success="True" time="0.009" asserts="0" />
                      <test-case name="YC.PrinterCombinators.Tests+2SFormat Generator+SFormatPrinter.Generate Code((25, YC.PrettyPrinter.Tests.FsxLPrinter+combineOpt, YC.PrettyPrinter.Tests.FsxLPrinter+combineOpt, LowTree.in, LowTreeBB.fxp))" executed="True" result="Success" success="True" time="0.008" asserts="0" />
                      <test-case name="YC.PrinterCombinators.Tests+2SFormat Generator+SFormatPrinter.Generate Code((25, YC.PrettyPrinter.Tests.FsxLPrinter+combineOpt, YC.PrettyPrinter.Tests.FsxLPrinter+combineOpt, LowTree.in, LowTreeBA.fxp))" executed="True" result="Success" success="True" time="0.008" asserts="0" />
                      <test-case name="YC.PrinterCombinators.Tests+2SFormat Generator+SFormatPrinter.Generate Code((25, YC.PrettyPrinter.Tests.FsxLPrinter+combineOpt, YC.PrettyPrinter.Tests.FsxLPrinter+combineOpt, LowTree.in, LowTreeAbAb.fxp))" executed="True" result="Success" success="True" time="0.008" asserts="0" />
                      <test-case name="YC.PrinterCombinators.Tests+2SFormat Generator+SFormatPrinter.Generate Code((20, YC.PrettyPrinter.Tests.FsxLPrinter+combineOpt, YC.PrettyPrinter.Tests.FsxLPrinter+combineOpt, LowTree.in, LowTreeW.fxp))" executed="True" result="Success" success="True" time="0.008" asserts="0" />
                      <test-case name="YC.PrinterCombinators.Tests+2SFormat Generator+SFormatPrinter.Generate Code((50, YC.PrettyPrinter.Tests.FsxLPrinter+combineOpt, YC.PrettyPrinter.Tests.FsxLPrinter+combineOpt, HardTree.in, HardTreeAA.fxp))" executed="True" result="Success" success="True" time="0.357" asserts="0" />
                      <test-case name="YC.PrinterCombinators.Tests+2SFormat Generator+SFormatPrinter.Generate Code((50, YC.PrettyPrinter.Tests.FsxLPrinter+combineOpt, YC.PrettyPrinter.Tests.FsxLPrinter+combineOpt, HardTree.in, HardTreeBB.fxp))" executed="True" result="Success" success="True" time="0.419" asserts="0" />
                      <test-case name="YC.PrinterCombinators.Tests+2SFormat Generator+SFormatPrinter.Generate Code((50, YC.PrettyPrinter.Tests.FsxLPrinter+combineOpt, YC.PrettyPrinter.Tests.FsxLPrinter+combineOpt, HardTree.in, HardTreeAB.fxp))" executed="True" result="Success" success="True" time="0.454" asserts="0" />
                    </results>
                  </test-suite>
                </results>
              </test-suite>
              <test-suite type="TestFixture" name="Tests+3CheckEquals+Equals Code" executed="True" result="Success" success="True" time="0.225" asserts="0">
                <results>
                  <test-suite type="ParameterizedTest" name="Are Equals" executed="True" result="Success" success="True" time="0.225" asserts="0">
                    <results>
                      <test-case name="YC.PrinterCombinators.Tests+3CheckEquals+Equals Code.Are Equals((RunTest.ycp, RunTest.fxp))" executed="True" result="Success" success="True" time="0.005" asserts="0" />
                      <test-case name="YC.PrinterCombinators.Tests+3CheckEquals+Equals Code.Are Equals((CombineAb.ycp, CombineAb.fxp))" executed="True" result="Success" success="True" time="0.000" asserts="0" />
                      <test-case name="YC.PrinterCombinators.Tests+3CheckEquals+Equals Code.Are Equals((CombineBe.ycp, CombineBe.fxp))" executed="True" result="Success" success="True" time="0.001" asserts="0" />
                      <test-case name="YC.PrinterCombinators.Tests+3CheckEquals+Equals Code.Are Equals((whileA.ycp, whileA.fxp))" executed="True" result="Success" success="True" time="0.000" asserts="0" />
                      <test-case name="YC.PrinterCombinators.Tests+3CheckEquals+Equals Code.Are Equals((whileB.ycp, whileB.fxp))" executed="True" result="Success" success="True" time="0.000" asserts="0" />
                      <test-case name="YC.PrinterCombinators.Tests+3CheckEquals+Equals Code.Are Equals((whileAB.ycp, whileAB.fxp))" executed="True" result="Success" success="True" time="0.000" asserts="0" />
                      <test-case name="YC.PrinterCombinators.Tests+3CheckEquals+Equals Code.Are Equals((whileW.ycp, whileW.fxp))" executed="True" result="Success" success="True" time="0.000" asserts="0" />
                      <test-case name="YC.PrinterCombinators.Tests+3CheckEquals+Equals Code.Are Equals((while+expr.ycp, while+expr.fxp))" executed="True" result="Success" success="True" time="0.000" asserts="0" />
                      <test-case name="YC.PrinterCombinators.Tests+3CheckEquals+Equals Code.Are Equals((ifA.ycp, ifA.fxp))" executed="True" result="Success" success="True" time="0.000" asserts="0" />
                      <test-case name="YC.PrinterCombinators.Tests+3CheckEquals+Equals Code.Are Equals((ifB.ycp, ifB.fxp))" executed="True" result="Success" success="True" time="0.000" asserts="0" />
                      <test-case name="YC.PrinterCombinators.Tests+3CheckEquals+Equals Code.Are Equals((ifAB.ycp, ifAB.fxp))" executed="True" result="Success" success="True" time="0.000" asserts="0" />
                      <test-case name="YC.PrinterCombinators.Tests+3CheckEquals+Equals Code.Are Equals((ifW.ycp, ifW.fxp))" executed="True" result="Success" success="True" time="0.000" asserts="0" />
                      <test-case name="YC.PrinterCombinators.Tests+3CheckEquals+Equals Code.Are Equals((LowTreeAA.ycp, LowTreeAA.fxp))" executed="True" result="Success" success="True" time="0.000" asserts="0" />
                      <test-case name="YC.PrinterCombinators.Tests+3CheckEquals+Equals Code.Are Equals((LowTreeAB.ycp, LowTreeAB.fxp))" executed="True" result="Success" success="True" time="0.000" asserts="0" />
                      <test-case name="YC.PrinterCombinators.Tests+3CheckEquals+Equals Code.Are Equals((LowTreeBB.ycp, LowTreeBB.fxp))" executed="True" result="Success" success="True" time="0.163" asserts="0" />
                      <test-case name="YC.PrinterCombinators.Tests+3CheckEquals+Equals Code.Are Equals((LowTreeBA.ycp, LowTreeBA.fxp))" executed="True" result="Success" success="True" time="0.000" asserts="0" />
                      <test-case name="YC.PrinterCombinators.Tests+3CheckEquals+Equals Code.Are Equals((LowTreeAbAb.ycp, LowTreeAbAb.fxp))" executed="True" result="Success" success="True" time="0.001" asserts="0" />
                      <test-case name="YC.PrinterCombinators.Tests+3CheckEquals+Equals Code.Are Equals((LowTreeW.ycp, LowTreeW.fxp))" executed="True" result="Success" success="True" time="0.000" asserts="0" />
                      <test-case name="YC.PrinterCombinators.Tests+3CheckEquals+Equals Code.Are Equals((HardTreeAA.ycp, HardTreeAA.fxp))" executed="True" result="Success" success="True" time="0.001" asserts="0" />
                      <test-case name="YC.PrinterCombinators.Tests+3CheckEquals+Equals Code.Are Equals((HardTreeBB.ycp, HardTreeBB.fxp))" executed="True" result="Success" success="True" time="0.001" asserts="0" />
                      <test-case name="YC.PrinterCombinators.Tests+3CheckEquals+Equals Code.Are Equals((HardTreeAB.ycp, HardTreeAB.fxp))" executed="True" result="Success" success="True" time="0.001" asserts="0" />
                    </results>
                  </test-suite>
                </results>
              </test-suite>
              <test-suite type="TestFixture" name="Tests+4xSpeed+xSpeedTest" executed="True" result="Success" success="True" time="23.283" asserts="0">
                <results>
                  <test-suite type="ParameterizedTest" name="Test" executed="True" result="Success" success="True" time="23.283" asserts="0">
                    <results>
                      <test-case name="YC.PrinterCombinators.Tests+4xSpeed+xSpeedTest.Test(&quot;xSpeed/x1.in&quot;)" executed="True" result="Success" success="True" time="0.067" asserts="0" />
                      <test-case name="YC.PrinterCombinators.Tests+4xSpeed+xSpeedTest.Test(&quot;xSpeed/x2.in&quot;)" executed="True" result="Success" success="True" time="0.147" asserts="0" />
                      <test-case name="YC.PrinterCombinators.Tests+4xSpeed+xSpeedTest.Test(&quot;xSpeed/x3.in&quot;)" executed="True" result="Success" success="True" time="0.297" asserts="0" />
                      <test-case name="YC.PrinterCombinators.Tests+4xSpeed+xSpeedTest.Test(&quot;xSpeed/x4.in&quot;)" executed="True" result="Success" success="True" time="0.629" asserts="0" />
                      <test-case name="YC.PrinterCombinators.Tests+4xSpeed+xSpeedTest.Test(&quot;xSpeed/x5.in&quot;)" executed="True" result="Success" success="True" time="1.560" asserts="0" />
                      <test-case name="YC.PrinterCombinators.Tests+4xSpeed+xSpeedTest.Test(&quot;xSpeed/x6.in&quot;)" executed="True" result="Success" success="True" time="2.763" asserts="0" />
                      <test-case name="YC.PrinterCombinators.Tests+4xSpeed+xSpeedTest.Test(&quot;xSpeed/x7.in&quot;)" executed="True" result="Success" success="True" time="6.009" asserts="0" />
                      <test-case name="YC.PrinterCombinators.Tests+4xSpeed+xSpeedTest.Test(&quot;xSpeed/x8.in&quot;)" executed="True" result="Success" success="True" time="11.644" asserts="0" />
                    </results>
                  </test-suite>
                </results>
              </test-suite>
              <test-suite type="TestFixture" name="Tests+5Perfomanse" executed="True" result="Success" success="True" time="13.930" asserts="0">
                <results>
                  <test-case name="YC.PrinterCombinators.Tests+5Perfomanse.5Test" executed="True" result="Success" success="True" time="13.929" asserts="0" />
                </results>
              </test-suite>
            </results>
          </test-suite>
        </results>
      </test-suite>
    </results>
  </test-suite>
</test-results>